    1  git config --global user.name "Raul Davalos"
    2  git config --global user.email "raul_davalos@hotmail.com"
    3  git config --global user.username "rauldavalos"
    4  ssh-keygen -N "" -C "" -f ~/.ssh/git_rsa -t rsa -C "rauldavaloshernandez@gmail.com"
    5  cat .ssh/git_rsa.pub
    6  ssh -i .ssh/git_rsa git@github.com
    7  cd
    8  git clone git@github.com:rauldavalos/k8s-devops.git
    9  ssh -i .ssh/git_rsa git@github.com
   10  git clone git@github.com:rauldavalos/k8s-devops.git
   11  ls -0l
   12  ls -l
   13  touch x
   14  rm x
   15  git clone git@github.com:rauldavalos/k8s-devops.git
   16  git config --global user.name "Raul Davalos"
   17  git config --global user.email "raul_davalos@hotmail.com"
   18  git config --global user.username "rauldavalos"
   19  git clone git@github.com:rauldavalos/k8s-devops.git
   20  git -i ~/.ssh/git_rsa.pub clone git@github.com:rauldavalos/k8s-devops.git
   21  git clone github.com:rauldavalos/k8s-devops.git
   22  git clone https://github.com/rauldavalos/k8s-devops.git
   23  kubectl create namespace argocd
   24  kubectl apply -n argocd -f https://raw.githubusercontent.com/argoproj/argo-cd/stable/manifests/install.yaml
   25  kubectl get pods -n argocd -w
   26  kubectl patch svc argocd-server -n argocd -p '{"spec": {"type": "LoadBalancer"}}'
   27  kubectl get pods -n argocd -w
   28  kubectl get svc argocd-server  -n argocd
   29  kubectl -n argocd get secret argocd-initial-admin-secret -o jsonpath="{.data.password}" | base64 -d
   30  kubectl -n argocd get secret argocd-initial-admin-secret -o jsonpath="{.data.password}" | base64 -d > default_admin_password.txt
   31  more default_admin_password.txt 
   32  VERSION=$(curl --silent "https://api.github.com/repos/argoproj/argo-cd/releases/latest" | grep '"tag_name"' | sed -E 's/.*"([^"]+)".*/\1/')
   33  echo $VERSION
   34  wget https://github.com/argoproj/argo-cd/releases/download/$VERSION/argocd-linux-amd64
   35  sudo mv argocd-linux-amd64 /bin/argocd
   36  sudo chmod +x /bin/argocd
   37  argocd 
   38  kubectl get svc argocd-server  -n argocd
   39  argocd app get guestbook
   40  argocd login ae5a1710a7f1840daaf0a8e47afbc6d1-2068241917.eu-west-1.elb.amazonaws.com
   41  argocd app get guestbook
   42  history > ~/k8s-devops/history_20220425.log
